0 info it worked if it ends with ok
1 verbose cli [ 'C:\\ins\\.nvmw\\v0.10.25\\\\node.exe',
1 verbose cli   'C:\\ins\\.nvmw\\v0.10.25\\node_modules\\npm\\bin\\npm-cli.js',
1 verbose cli   'link' ]
2 info using npm@1.3.24
3 info using node@v0.10.25
4 verbose node symlink C:\ins\.nvmw\v0.10.25\\node.exe
5 verbose linkPkg C:\Users\ur\git\generator-base
6 error Error: EPERM, symlink 'C:\Users\ur\git\generator-base'
6 error  { [Error: EPERM, symlink 'C:\Users\ur\git\generator-base']
6 error   errno: 50,
6 error   code: 'EPERM',
6 error   path: 'C:\\Users\\ur\\git\\generator-base' }
7 error Please try running this command again as root/Administrator.
8 error System Windows_NT 6.1.7601
9 error command "C:\\ins\\.nvmw\\v0.10.25\\\\node.exe" "C:\\ins\\.nvmw\\v0.10.25\\node_modules\\npm\\bin\\npm-cli.js" "link"
10 error cwd C:\Users\ur\git\generator-base
11 error node -v v0.10.25
12 error npm -v 1.3.24
13 error path C:\Users\ur\git\generator-base
14 error code EPERM
15 error errno 50
16 error stack Error: EPERM, symlink 'C:\Users\ur\git\generator-base'
17 verbose exit [ 50, true ]
